<?xml version="1.0" encoding="UTF-8"?>
<!-- Generated by org.testng.reporters.JUnitReportReporter -->
<testsuite skipped="0" hostname="LAPTOP-EUTQRU8P" name="basics.EditBtnEg" tests="1" failures="0" timestamp="2021-09-23T10:00:10 IST" time="1.076" errors="0">
  <testcase name="ExploreEditBtn" time="1.076" classname="basics.EditBtnEg"/>
  <system-out/>
</testsuite> <!-- basics.EditBtnEg -->
