<?xml version="1.0" encoding="UTF-8"?>
<!-- Generated by org.testng.reporters.JUnitReportReporter -->
<testsuite skipped="0" hostname="LAPTOP-EUTQRU8P" name="basics.AlertBoxEg" tests="1" failures="0" timestamp="2021-10-08T10:03:02 IST" time="6.773" errors="0">
  <testcase name="Alert" time="6.773" classname="basics.AlertBoxEg"/>
  <system-out/>
</testsuite> <!-- basics.AlertBoxEg -->
