<?xml version="1.0" encoding="UTF-8"?>
<!-- Generated by org.testng.reporters.JUnitReportReporter -->
<testsuite skipped="0" hostname="LAPTOP-EUTQRU8P" name="basics.RadioBtnEg" tests="1" failures="0" timestamp="2021-10-07T10:18:59 IST" time="0.081" errors="0">
  <testcase name="RdBtn" time="0.081" classname="basics.RadioBtnEg"/>
  <system-out/>
</testsuite> <!-- basics.RadioBtnEg -->
