<?xml version="1.0" encoding="UTF-8"?>
<!-- Generated by org.testng.reporters.JUnitReportReporter -->
<testsuite skipped="0" hostname="LAPTOP-EUTQRU8P" name="basics.ButtonEG" tests="1" failures="0" timestamp="2021-09-23T16:04:23 IST" time="0.395" errors="0">
  <testcase name="ExploreBtn" time="0.395" classname="basics.ButtonEG"/>
  <system-out/>
</testsuite> <!-- basics.ButtonEG -->
