<?xml version="1.0" encoding="UTF-8"?>
<!-- Generated by org.testng.reporters.JUnitReportReporter -->
<testsuite skipped="0" hostname="LAPTOP-EUTQRU8P" name="basics.HyperLinksEg" tests="1" failures="0" timestamp="2021-10-07T10:08:27 IST" time="1.002" errors="0">
  <testcase name="Links" time="1.002" classname="basics.HyperLinksEg"/>
  <system-out/>
</testsuite> <!-- basics.HyperLinksEg -->
