<?xml version="1.0" encoding="UTF-8"?>
<!-- Generated by org.testng.reporters.JUnitReportReporter -->
<testsuite skipped="0" hostname="LAPTOP-EUTQRU8P" name="basics.CheckBoxEg" tests="1" failures="0" timestamp="2021-10-07T10:42:33 IST" time="0.785" errors="0">
  <testcase name="CheckBox" time="0.785" classname="basics.CheckBoxEg"/>
  <system-out/>
</testsuite> <!-- basics.CheckBoxEg -->
