<?xml version="1.0" encoding="UTF-8"?>
<!-- Generated by org.testng.reporters.JUnitReportReporter -->
<testsuite skipped="0" hostname="LAPTOP-EUTQRU8P" name="basics.DropDownEg" tests="1" failures="0" timestamp="2021-09-23T16:30:15 IST" time="0.691" errors="0">
  <testcase name="ExploreDropDown" time="0.691" classname="basics.DropDownEg"/>
  <system-out/>
</testsuite> <!-- basics.DropDownEg -->
