<?xml version="1.0" encoding="UTF-8"?>
<!-- Generated by org.testng.reporters.JUnitReportReporter -->
<testsuite skipped="0" hostname="LAPTOP-EUTQRU8P" name="basics.DropDownEg" tests="1" failures="0" timestamp="2021-09-23T16:54:57 IST" time="1.082" errors="0">
  <testcase name="ExploreDropDown" time="1.082" classname="basics.DropDownEg"/>
  <system-out/>
</testsuite> <!-- basics.DropDownEg -->
