<?xml version="1.0" encoding="UTF-8"?>
<!-- Generated by org.testng.reporters.JUnitReportReporter -->
<testsuite skipped="0" hostname="LAPTOP-EUTQRU8P" name="basics.AmazonPurchase" tests="1" failures="0" timestamp="2021-09-23T10:24:11 IST" time="8.305" errors="0">
  <testcase name="SrchItem" time="8.305" classname="basics.AmazonPurchase"/>
  <system-out/>
</testsuite> <!-- basics.AmazonPurchase -->
