<?xml version="1.0" encoding="UTF-8"?>
<!-- Generated by org.testng.reporters.JUnitReportReporter -->
<testsuite skipped="0" hostname="LAPTOP-EUTQRU8P" name="handsOnSelenium.ExecTestCaseMulti" tests="4" failures="0" timestamp="2021-06-13T19:05:32 IST" time="0.017" errors="0">
  <testcase name="MultipleTimes" time="0.002" classname="handsOnSelenium.ExecTestCaseMulti"/>
  <system-out/>
  <testcase name="MultipleTimes" time="0.002" classname="handsOnSelenium.ExecTestCaseMulti"/>
  <system-out/>
  <testcase name="MultipleTimes" time="0.011" classname="handsOnSelenium.ExecTestCaseMulti"/>
  <system-out/>
  <testcase name="MultipleTimes" time="0.002" classname="handsOnSelenium.ExecTestCaseMulti"/>
  <system-out/>
</testsuite> <!-- handsOnSelenium.ExecTestCaseMulti -->
