<?xml version="1.0" encoding="UTF-8"?>
<!-- Generated by org.testng.reporters.JUnitReportReporter -->
<testsuite skipped="0" hostname="LAPTOP-EUTQRU8P" name="handsOnSelenium.SelectAllCheckBox" tests="1" failures="0" timestamp="2021-06-13T17:13:06 IST" time="23.275" errors="0">
  <testcase name="checkboxEg" time="23.275" classname="handsOnSelenium.SelectAllCheckBox"/>
  <system-out/>
</testsuite> <!-- handsOnSelenium.SelectAllCheckBox -->
