<?xml version="1.0" encoding="UTF-8"?>
<!-- Generated by org.testng.reporters.JUnitReportReporter -->
<testsuite skipped="0" hostname="LAPTOP-EUTQRU8P" name="handsOnSelenium.MaximizeBrowserEg" tests="1" failures="0" timestamp="2021-06-03T19:34:16 IST" time="10.696" errors="0">
  <testcase name="OpenBrow" time="10.696" classname="handsOnSelenium.MaximizeBrowserEg"/>
  <system-out/>
</testsuite> <!-- handsOnSelenium.MaximizeBrowserEg -->
