<?xml version="1.0" encoding="UTF-8"?>
<!-- Generated by org.testng.reporters.JUnitReportReporter -->
<testsuite skipped="0" hostname="LAPTOP-EUTQRU8P" name="handsOnSelenium.ScreenShotFileHandler" tests="1" failures="0" timestamp="2021-06-01T10:16:43 IST" time="34.310" errors="0">
  <testcase name="SnapShotFileHandler" time="34.310" classname="handsOnSelenium.ScreenShotFileHandler"/>
  <system-out/>
</testsuite> <!-- handsOnSelenium.ScreenShotFileHandler -->
