<?xml version="1.0" encoding="UTF-8"?>
<!-- Generated by org.testng.reporters.JUnitReportReporter -->
<testsuite skipped="0" hostname="LAPTOP-EUTQRU8P" name="handsOnSelenium.InputTxtWOSendKey" tests="1" failures="0" timestamp="2021-06-12T18:28:51 IST" time="12.410" errors="0">
  <testcase name="InputText" time="12.410" classname="handsOnSelenium.InputTxtWOSendKey"/>
  <system-out/>
</testsuite> <!-- handsOnSelenium.InputTxtWOSendKey -->
