<?xml version="1.0" encoding="UTF-8"?>
<!-- Generated by org.testng.reporters.JUnitReportReporter -->
<testsuite skipped="0" hostname="LAPTOP-EUTQRU8P" name="handsOnSelenium.ScrollOpsEg" tests="1" failures="0" timestamp="2021-06-11T10:45:34 IST" time="27.570" errors="0">
  <testcase name="OpenBrowser" time="27.570" classname="handsOnSelenium.ScrollOpsEg"/>
  <system-out/>
</testsuite> <!-- handsOnSelenium.ScrollOpsEg -->
