<?xml version="1.0" encoding="UTF-8"?>
<!-- Generated by org.testng.reporters.JUnitReportReporter -->
<testsuite skipped="0" hostname="LAPTOP-EUTQRU8P" name="handsOnSelenium.AuthPopupEg" tests="1" failures="0" timestamp="2021-06-06T11:32:58 IST" time="24.611" errors="0">
  <testcase name="AuthPop" time="24.611" classname="handsOnSelenium.AuthPopupEg"/>
  <system-out/>
</testsuite> <!-- handsOnSelenium.AuthPopupEg -->
