<?xml version="1.0" encoding="UTF-8"?>
<!-- Generated by org.testng.reporters.JUnitReportReporter -->
<testsuite skipped="0" hostname="LAPTOP-EUTQRU8P" name="handsOnSelenium.IdentifyUnderlinedElement" tests="1" failures="0" timestamp="2021-06-11T15:01:34 IST" time="11.100" errors="0">
  <testcase name="UnderlineElement" time="11.100" classname="handsOnSelenium.IdentifyUnderlinedElement"/>
  <system-out/>
</testsuite> <!-- handsOnSelenium.IdentifyUnderlinedElement -->
