<?xml version="1.0" encoding="UTF-8"?>
<!-- Generated by org.testng.reporters.JUnitReportReporter -->
<testsuite skipped="0" hostname="LAPTOP-EUTQRU8P" name="handsOnSelenium.PrintSrchResultURLEg" tests="1" failures="0" timestamp="2021-06-08T17:19:59 IST" time="21.738" errors="0">
  <testcase name="PrintSrchTermResults" time="21.738" classname="handsOnSelenium.PrintSrchResultURLEg"/>
  <system-out/>
</testsuite> <!-- handsOnSelenium.PrintSrchResultURLEg -->
