<?xml version="1.0" encoding="UTF-8"?>
<!-- Generated by org.testng.reporters.JUnitReportReporter -->
<testsuite skipped="0" hostname="LAPTOP-EUTQRU8P" name="handsOnSelenium.RefreshBrowserEg" tests="1" failures="0" timestamp="2021-06-03T10:26:47 IST" time="11.060" errors="0">
  <testcase name="RefreshPage" time="11.060" classname="handsOnSelenium.RefreshBrowserEg"/>
  <system-out/>
</testsuite> <!-- handsOnSelenium.RefreshBrowserEg -->
