<?xml version="1.0" encoding="UTF-8"?>
<!-- Generated by org.testng.reporters.JUnitReportReporter -->
<testsuite skipped="0" hostname="LAPTOP-EUTQRU8P" name="handsOnSelenium.HandleExceptionTestNG" tests="1" failures="0" timestamp="2021-06-14T10:24:28 IST" time="1.017" errors="0">
  <testcase name="HandleException" time="1.017" classname="handsOnSelenium.HandleExceptionTestNG"/>
  <system-out/>
</testsuite> <!-- handsOnSelenium.HandleExceptionTestNG -->
