<?xml version="1.0" encoding="UTF-8"?>
<!-- Generated by org.testng.reporters.JUnitReportReporter -->
<testsuite skipped="0" hostname="LAPTOP-EUTQRU8P" name="handsOnSelenium.ScreenShotFileUtils" tests="1" failures="0" timestamp="2021-06-01T12:11:51 IST" time="20.284" errors="0">
  <testcase name="ScreenShotFileUtils" time="20.284" classname="handsOnSelenium.ScreenShotFileUtils"/>
  <system-out/>
</testsuite> <!-- handsOnSelenium.ScreenShotFileUtils -->
