<?xml version="1.0" encoding="UTF-8"?>
<!-- Generated by org.testng.reporters.JUnitReportReporter -->
<testsuite skipped="0" hostname="LAPTOP-EUTQRU8P" name="handsOnSelenium.PrintSrchResultEg" tests="1" failures="0" timestamp="2021-06-07T19:00:19 IST" time="25.125" errors="0">
  <testcase name="PrintSrchTermResults" time="25.125" classname="handsOnSelenium.PrintSrchResultEg"/>
  <system-out/>
</testsuite> <!-- handsOnSelenium.PrintSrchResultEg -->
