<?xml version="1.0" encoding="UTF-8"?>
<!-- Generated by org.testng.reporters.JUnitReportReporter -->
<testsuite skipped="0" hostname="LAPTOP-EUTQRU8P" name="handsOnSelenium.ScreenShotRobotClass" tests="1" failures="0" timestamp="2021-06-02T11:35:50 IST" time="38.140" errors="0">
  <testcase name="ScreenShotRobot" time="38.140" classname="handsOnSelenium.ScreenShotRobotClass"/>
  <system-out/>
</testsuite> <!-- handsOnSelenium.ScreenShotRobotClass -->
