<?xml version="1.0" encoding="UTF-8"?>
<!-- Generated by org.testng.reporters.JUnitReportReporter -->
<testsuite skipped="0" hostname="LAPTOP-EUTQRU8P" name="handsOnSelenium.FluentWaitExample" tests="1" failures="0" timestamp="2021-05-29T15:50:42 IST" time="22.420" errors="0">
  <testcase name="TestFluentWait" time="22.420" classname="handsOnSelenium.FluentWaitExample"/>
  <system-out/>
</testsuite> <!-- handsOnSelenium.FluentWaitExample -->
