<?xml version="1.0" encoding="UTF-8"?>
<!-- Generated by org.testng.reporters.JUnitReportReporter -->
<testsuite skipped="0" hostname="LAPTOP-EUTQRU8P" name="handsOnSelenium.PrintSearchTermEg" tests="1" failures="0" timestamp="2021-06-09T16:36:37 IST" time="29.606" errors="0">
  <testcase name="PrintGoogleSearch" time="29.606" classname="handsOnSelenium.PrintSearchTermEg"/>
  <system-out/>
</testsuite> <!-- handsOnSelenium.PrintSearchTermEg -->
