<?xml version="1.0" encoding="UTF-8"?>
<!-- Generated by org.testng.reporters.JUnitReportReporter -->
<testsuite skipped="0" hostname="LAPTOP-EUTQRU8P" name="handsOnSelenium.ImplicitWaitExample" tests="1" failures="0" timestamp="2021-05-29T10:38:08 IST" time="43.278" errors="0">
  <testcase name="OpenBrowser" time="43.278" classname="handsOnSelenium.ImplicitWaitExample"/>
  <system-out/>
</testsuite> <!-- handsOnSelenium.ImplicitWaitExample -->
