<?xml version="1.0" encoding="UTF-8"?>
<!-- Generated by org.testng.reporters.JUnitReportReporter -->
<testsuite skipped="0" hostname="LAPTOP-EUTQRU8P" name="handsOnSelenium.ExplicitWaitExample" tests="1" failures="0" timestamp="2021-05-29T12:37:33 IST" time="21.155" errors="0">
  <testcase name="OpenBrow" time="21.155" classname="handsOnSelenium.ExplicitWaitExample"/>
  <system-out/>
</testsuite> <!-- handsOnSelenium.ExplicitWaitExample -->
